2025-04-24 16:11:49 [scrapy.extensions.throttle] INFO: slot: www.dns-shop.ru | conc: 1 | delay:14966 ms (+0) | latency:   25 ms | size:  8550 bytes
2025-04-24 16:11:49 [scrapy.core.engine] DEBUG: Crawled (401) <GET https://www.dns-shop.ru/catalog/17a89c2216404e77/bloki-pitaniya/?order=6&stock=now-today-tomorrow-later-out_of_stock> (referer: None)
2025-04-24 16:11:49 [scrapy.spidermiddlewares.httperror] INFO: Ignoring response <401 https://www.dns-shop.ru/catalog/17a89c2216404e77/bloki-pitaniya/?order=6&stock=now-today-tomorrow-later-out_of_stock>: HTTP status code is not handled or not allowed
2025-04-24 16:12:10 [scrapy.extensions.throttle] INFO: slot: www.dns-shop.ru | conc: 1 | delay:14966 ms (+0) | latency:   23 ms | size:  8550 bytes
2025-04-24 16:12:10 [scrapy.core.engine] DEBUG: Crawled (401) <GET https://www.dns-shop.ru/catalog/17a9cc2d16404e77/kulery-dlya-processorov/?order=6&stock=now-today-tomorrow-later-out_of_stock> (referer: None)
2025-04-24 16:12:10 [scrapy.spidermiddlewares.httperror] INFO: Ignoring response <401 https://www.dns-shop.ru/catalog/17a9cc2d16404e77/kulery-dlya-processorov/?order=6&stock=now-today-tomorrow-later-out_of_stock>: HTTP status code is not handled or not allowed
2025-04-24 16:12:20 [scrapy.crawler] INFO: Received SIGINT, shutting down gracefully. Send again to force 
2025-04-24 16:12:20 [scrapy.core.engine] INFO: Closing spider (shutdown)
2025-04-24 16:12:21 [scrapy.crawler] INFO: Received SIGINT twice, forcing unclean shutdown
2025-04-24 16:12:28 [scrapy.utils.log] INFO: Scrapy 2.12.0 started (bot: DNS)
2025-04-24 16:12:28 [scrapy.utils.log] INFO: Versions: lxml 5.4.0.0, libxml2 2.11.9, cssselect 1.3.0, parsel 1.10.0, w3lib 2.3.1, Twisted 24.11.0, Python 3.11.2 (tags/v3.11.2:878ead1, Feb  7 2023, 16:38:35) [MSC v.1934 64 bit (AMD64)], pyOpenSSL 25.0.0 (OpenSSL 3.4.1 11 Feb 2025), cryptography 44.0.2, Platform Windows-10-10.0.22621-SP0
2025-04-24 16:12:28 [scrapy.addons] INFO: Enabled addons:
[]
2025-04-24 16:12:28 [scrapy.utils.log] DEBUG: Using reactor: twisted.internet.selectreactor.SelectReactor
2025-04-24 16:12:28 [scrapy.extensions.telnet] INFO: Telnet Password: 406a3b6e9b043600
2025-04-24 16:12:28 [scrapy.middleware] INFO: Enabled extensions:
['scrapy.extensions.corestats.CoreStats',
 'scrapy.extensions.telnet.TelnetConsole',
 'scrapy.extensions.logstats.LogStats',
 'scrapy.extensions.throttle.AutoThrottle']
2025-04-24 16:12:28 [scrapy.crawler] INFO: Overridden settings:
{'AUTOTHROTTLE_DEBUG': True,
 'AUTOTHROTTLE_ENABLED': True,
 'BOT_NAME': 'DNS',
 'COOKIES_ENABLED': False,
 'DOWNLOAD_DELAY': 0.5,
 'FEED_EXPORT_ENCODING': 'utf-8',
 'LOG_FILE': 'dns_spider.log',
 'NEWSPIDER_MODULE': 'DNS.spiders',
 'RETRY_HTTP_CODES': [500, 502, 503, 504, 408, 429],
 'RETRY_TIMES': 3,
 'SPIDER_MODULES': ['DNS.spiders'],
 'USER_AGENT': 'Mozilla/5.0 (Windows NT 10.0; Win64; x64) AppleWebKit/537.36 '
               '(KHTML, like Gecko) Chrome/117.0.0.0 Safari/537.36'}
2025-04-24 16:12:28 [scrapy.middleware] INFO: Enabled downloader middlewares:
['scrapy.downloadermiddlewares.offsite.OffsiteMiddleware',
 'scrapy.downloadermiddlewares.httpauth.HttpAuthMiddleware',
 'scrapy.downloadermiddlewares.downloadtimeout.DownloadTimeoutMiddleware',
 'scrapy.downloadermiddlewares.defaultheaders.DefaultHeadersMiddleware',
 'scrapy.downloadermiddlewares.useragent.UserAgentMiddleware',
 'DNS.middlewares.DnsDownloaderMiddleware',
 'scrapy.downloadermiddlewares.retry.RetryMiddleware',
 'scrapy.downloadermiddlewares.redirect.MetaRefreshMiddleware',
 'scrapy.downloadermiddlewares.httpcompression.HttpCompressionMiddleware',
 'scrapy.downloadermiddlewares.redirect.RedirectMiddleware',
 'scrapy.downloadermiddlewares.httpproxy.HttpProxyMiddleware',
 'scrapy.downloadermiddlewares.stats.DownloaderStats']
2025-04-24 16:12:28 [scrapy.middleware] INFO: Enabled spider middlewares:
['scrapy.spidermiddlewares.httperror.HttpErrorMiddleware',
 'scrapy.spidermiddlewares.referer.RefererMiddleware',
 'scrapy.spidermiddlewares.urllength.UrlLengthMiddleware',
 'scrapy.spidermiddlewares.depth.DepthMiddleware']
2025-04-24 16:12:28 [scrapy.middleware] INFO: Enabled item pipelines:
['DNS.pipelines.DnsPipeline', 'DNS.pipelines.JsonWriterPipeline']
2025-04-24 16:12:28 [scrapy.core.engine] INFO: Spider opened
2025-04-24 16:12:28 [scrapy.extensions.logstats] INFO: Crawled 0 pages (at 0 pages/min), scraped 0 items (at 0 items/min)
2025-04-24 16:12:28 [dns_products] INFO: Spider opened: dns_products
2025-04-24 16:12:28 [scrapy.extensions.telnet] INFO: Telnet console listening on 127.0.0.1:6023
2025-04-24 16:12:53 [scrapy.downloadermiddlewares.retry] DEBUG: Retrying <GET https://www.dns-shop.ru/catalog/17a89aab16404e77/videokarty/?order=6&stock=now-today-tomorrow-later-out_of_stock> (failed 1 times): [<twisted.python.failure.Failure twisted.internet.error.ConnectionLost: Connection to the other side was lost in a non-clean fashion: Connection lost.>]
2025-04-24 16:13:08 [scrapy.downloadermiddlewares.retry] DEBUG: Retrying <GET https://www.dns-shop.ru/catalog/17a89aab16404e77/videokarty/?order=6&stock=now-today-tomorrow-later-out_of_stock> (failed 1 times): [<twisted.python.failure.Failure twisted.internet.error.ConnectionLost: Connection to the other side was lost in a non-clean fashion: Connection lost.>]
2025-04-24 16:13:13 [scrapy.downloadermiddlewares.retry] DEBUG: Retrying <GET https://www.dns-shop.ru/catalog/17a899cd16404e77/processory/?order=6&stock=now-today-tomorrow-later-out_of_stock> (failed 1 times): [<twisted.python.failure.Failure twisted.internet.error.ConnectionLost: Connection to the other side was lost in a non-clean fashion: Connection lost.>]
2025-04-24 16:13:22 [scrapy.downloadermiddlewares.retry] DEBUG: Retrying <GET https://www.dns-shop.ru/catalog/17a899cd16404e77/processory/?order=6&stock=now-today-tomorrow-later-out_of_stock> (failed 1 times): [<twisted.python.failure.Failure twisted.internet.error.ConnectionLost: Connection to the other side was lost in a non-clean fashion: Connection lost.>]
2025-04-24 16:13:32 [scrapy.downloadermiddlewares.retry] DEBUG: Retrying <GET https://www.dns-shop.ru/catalog/17a89a0416404e77/materinskie-platy/?order=6&stock=now-today-tomorrow-later-out_of_stock> (failed 1 times): [<twisted.python.failure.Failure twisted.internet.error.ConnectionLost: Connection to the other side was lost in a non-clean fashion: Connection lost.>]
2025-04-24 16:13:32 [scrapy.extensions.logstats] INFO: Crawled 0 pages (at 0 pages/min), scraped 0 items (at 0 items/min)
2025-04-24 16:13:42 [scrapy.downloadermiddlewares.retry] DEBUG: Retrying <GET https://www.dns-shop.ru/catalog/17a89a0416404e77/materinskie-platy/?order=6&stock=now-today-tomorrow-later-out_of_stock> (failed 1 times): [<twisted.python.failure.Failure twisted.internet.error.ConnectionLost: Connection to the other side was lost in a non-clean fashion: Connection lost.>]
2025-04-24 16:13:47 [scrapy.extensions.throttle] INFO: slot: www.dns-shop.ru | conc: 3 | delay:19894 ms (+14894) | latency:19894 ms | size:  8550 bytes
2025-04-24 16:13:47 [scrapy.core.engine] DEBUG: Crawled (401) <GET https://www.dns-shop.ru/catalog/17a89aab16404e77/videokarty/?order=6&stock=now-today-tomorrow-later-out_of_stock> (referer: None)
2025-04-24 16:13:52 [scrapy.spidermiddlewares.httperror] INFO: Ignoring response <401 https://www.dns-shop.ru/catalog/17a89aab16404e77/videokarty/?order=6&stock=now-today-tomorrow-later-out_of_stock>: HTTP status code is not handled or not allowed
2025-04-24 16:13:52 [scrapy.extensions.throttle] INFO: slot: www.dns-shop.ru | conc: 2 | delay:19894 ms (+0) | latency:14956 ms | size:  8550 bytes
2025-04-24 16:13:52 [scrapy.core.engine] DEBUG: Crawled (401) <GET https://www.dns-shop.ru/catalog/17a89a3916404e77/operativnaya-pamyat-dimm/?q=ram+ddr4&order=6&stock=now-today-tomorrow-later-out_of_stock> (referer: None)
2025-04-24 16:13:52 [scrapy.extensions.throttle] INFO: slot: www.dns-shop.ru | conc: 1 | delay:19894 ms (+0) | latency: 5035 ms | size:  8550 bytes
2025-04-24 16:13:52 [scrapy.core.engine] DEBUG: Crawled (401) <GET https://www.dns-shop.ru/catalog/17a89a3916404e77/operativnaya-pamyat-dimm/?q=ram+ddr4&order=6&stock=now-today-tomorrow-later-out_of_stock> (referer: None)
2025-04-24 16:13:57 [scrapy.spidermiddlewares.httperror] INFO: Ignoring response <401 https://www.dns-shop.ru/catalog/17a89a3916404e77/operativnaya-pamyat-dimm/?q=ram+ddr4&order=6&stock=now-today-tomorrow-later-out_of_stock>: HTTP status code is not handled or not allowed
2025-04-24 16:13:57 [scrapy.spidermiddlewares.httperror] INFO: Ignoring response <401 https://www.dns-shop.ru/catalog/17a89a3916404e77/operativnaya-pamyat-dimm/?q=ram+ddr4&order=6&stock=now-today-tomorrow-later-out_of_stock>: HTTP status code is not handled or not allowed
2025-04-24 16:14:11 [scrapy.extensions.throttle] INFO: slot: www.dns-shop.ru | conc: 1 | delay:19894 ms (+0) | latency:   25 ms | size:  8550 bytes
2025-04-24 16:14:11 [scrapy.core.engine] DEBUG: Crawled (401) <GET https://www.dns-shop.ru/catalog/17a89c2216404e77/bloki-pitaniya/?order=6&stock=now-today-tomorrow-later-out_of_stock> (referer: None)
2025-04-24 16:14:16 [scrapy.spidermiddlewares.httperror] INFO: Ignoring response <401 https://www.dns-shop.ru/catalog/17a89c2216404e77/bloki-pitaniya/?order=6&stock=now-today-tomorrow-later-out_of_stock>: HTTP status code is not handled or not allowed
2025-04-24 16:14:19 [scrapy.crawler] INFO: Received SIGINT, shutting down gracefully. Send again to force 
2025-04-24 16:14:19 [scrapy.core.engine] INFO: Closing spider (shutdown)
2025-04-24 16:14:28 [scrapy.extensions.logstats] INFO: Crawled 4 pages (at 4 pages/min), scraped 0 items (at 0 items/min)
2025-04-24 16:14:32 [scrapy.extensions.throttle] INFO: slot: www.dns-shop.ru | conc: 1 | delay:19894 ms (+0) | latency:   27 ms | size:  8550 bytes
2025-04-24 16:14:32 [scrapy.core.engine] DEBUG: Crawled (401) <GET https://www.dns-shop.ru/catalog/17a89aab16404e77/videokarty/?order=6&stock=now-today-tomorrow-later-out_of_stock> (referer: None)
2025-04-24 16:14:32 [scrapy.spidermiddlewares.httperror] INFO: Ignoring response <401 https://www.dns-shop.ru/catalog/17a89aab16404e77/videokarty/?order=6&stock=now-today-tomorrow-later-out_of_stock>: HTTP status code is not handled or not allowed
2025-04-24 16:14:55 [scrapy.extensions.throttle] INFO: slot: www.dns-shop.ru | conc: 1 | delay:19894 ms (+0) | latency:   29 ms | size:  8550 bytes
2025-04-24 16:14:55 [scrapy.core.engine] DEBUG: Crawled (401) <GET https://www.dns-shop.ru/catalog/17a89c2216404e77/bloki-pitaniya/?order=6&stock=now-today-tomorrow-later-out_of_stock> (referer: None)
2025-04-24 16:14:55 [scrapy.spidermiddlewares.httperror] INFO: Ignoring response <401 https://www.dns-shop.ru/catalog/17a89c2216404e77/bloki-pitaniya/?order=6&stock=now-today-tomorrow-later-out_of_stock>: HTTP status code is not handled or not allowed
2025-04-24 16:15:05 [scrapy.crawler] INFO: Received SIGINT twice, forcing unclean shutdown
